[17:37:40.142] [INFO] storybook v10.1.11
[17:37:41.312] [DEBUG] Getting package.json info for /home/reidlai/GitLocal/ta-workspace/modules/demo/svelte/package.json...
[17:37:41.314] [WARN] You are currently using Storybook [1m10.1.11[22m but you have packages which are incompatible with it:

- @storybook/addon-essentials@8.6.14 which depends on 8.6.14
 Repo: https://github.com/storybookjs/storybook/tree/next/code/addons/essentials
- @storybook/blocks@8.6.14 which depends on ^8.6.14
 Repo: https://github.com/storybookjs/storybook/tree/next/code/lib/blocks

Please consider updating your packages or contacting the maintainers for compatibility details.

For more details on compatibility guidance, see:
https://github.com/storybookjs/storybook/issues/32836
[17:37:41.373] [ERROR] [38;2;241;97;97mSB_CORE-SERVER_0002 (CriticalPresetLoadError): Storybook failed to load the following preset: ./.storybook/main.ts.

Please check whether your setup is correct, the Storybook dependencies (and their peer dependencies) are installed correctly and there are no package version clashes.

If you believe this is a bug, please open an issue on Github.

SB_CORE-SERVER_0002 (CriticalPresetLoadError): Storybook failed to load the following preset: /home/reidlai/GitLocal/ta-workspace/node_modules/.pnpm/@storybook+blocks@8.6.14_react-dom@19.2.3_react@19.2.3__react@19.2.3_storybook@10.1.11__862273682b7c49fc53a9e7bc3bc23d49/node_modules/@storybook/blocks/dist/index.mjs.

Please check whether your setup is correct, the Storybook dependencies (and their peer dependencies) are installed correctly and there are no package version clashes.

If you believe this is a bug, please open an issue on Github.

Error [ERR_PACKAGE_PATH_NOT_EXPORTED]: Package subpath './internal/theming' is not defined by "exports" in /home/reidlai/GitLocal/ta-workspace/node_modules/.pnpm/@storybook+blocks@8.6.14_react-dom@19.2.3_react@19.2.3__react@19.2.3_storybook@10.1.11__862273682b7c49fc53a9e7bc3bc23d49/node_modules/storybook/package.json imported from /home/reidlai/GitLocal/ta-workspace/node_modules/.pnpm/@storybook+blocks@8.6.14_react-dom@19.2.3_react@19.2.3__react@19.2.3_storybook@10.1.11__862273682b7c49fc53a9e7bc3bc23d49/node_modules/@storybook/blocks/dist/index.mjs
    at exportsNotFound (node:internal/modules/esm/resolve:322:10)
    at packageExportsResolve (node:internal/modules/esm/resolve:670:9)
    at packageResolve (node:internal/modules/esm/resolve:856:14)
    at moduleResolve (node:internal/modules/esm/resolve:946:18)
    at defaultResolve (node:internal/modules/esm/resolve:1188:11)
    at nextResolve (node:internal/modules/esm/hooks:864:28)
    at Hooks.resolve (node:internal/modules/esm/hooks:306:30)
    at handleMessage (node:internal/modules/esm/worker:196:24)
    at Immediate.checkForMessages (node:internal/modules/esm/worker:138:28)
    at process.processImmediate (node:internal/timers:483:21)

More info: 

    at loadPreset (file:///home/reidlai/GitLocal/ta-workspace/node_modules/.pnpm/storybook@10.1.11_@testing-library+dom@10.4.1_react-dom@19.2.3_react@19.2.3__react@19.2.3/node_modules/storybook/dist/_node-chunks/chunk-Q4DOC7HF.js:10101:13)
    at async Promise.all (index 1)
    at async loadPresets (file:///home/reidlai/GitLocal/ta-workspace/node_modules/.pnpm/storybook@10.1.11_@testing-library+dom@10.4.1_react-dom@19.2.3_react@19.2.3__react@19.2.3/node_modules/storybook/dist/_node-chunks/chunk-Q4DOC7HF.js:10110:73)
    at async loadPreset (file:///home/reidlai/GitLocal/ta-workspace/node_modules/.pnpm/storybook@10.1.11_@testing-library+dom@10.4.1_react-dom@19.2.3_react@19.2.3__react@19.2.3/node_modules/storybook/dist/_node-chunks/chunk-Q4DOC7HF.js:10084:12)
    at async Promise.all (index 1)
    at async loadPresets (file:///home/reidlai/GitLocal/ta-workspace/node_modules/.pnpm/storybook@10.1.11_@testing-library+dom@10.4.1_react-dom@19.2.3_react@19.2.3__react@19.2.3/node_modules/storybook/dist/_node-chunks/chunk-Q4DOC7HF.js:10110:73)
    at async getPresets (file:///home/reidlai/GitLocal/ta-workspace/node_modules/.pnpm/storybook@10.1.11_@testing-library+dom@10.4.1_react-dom@19.2.3_react@19.2.3__react@19.2.3/node_modules/storybook/dist/_node-chunks/chunk-Q4DOC7HF.js:10141:23)
    at async buildDevStandalone (file:///home/reidlai/GitLocal/ta-workspace/node_modules/.pnpm/storybook@10.1.11_@testing-library+dom@10.4.1_react-dom@19.2.3_react@19.2.3__react@19.2.3/node_modules/storybook/dist/core-server/index.js:7163:17)
    at async withTelemetry (file:///home/reidlai/GitLocal/ta-workspace/node_modules/.pnpm/storybook@10.1.11_@testing-library+dom@10.4.1_react-dom@19.2.3_react@19.2.3__react@19.2.3/node_modules/storybook/dist/_node-chunks/chunk-2372JZ52.js:209:12)
    at async dev (file:///home/reidlai/GitLocal/ta-workspace/node_modules/.pnpm/storybook@10.1.11_@testing-library+dom@10.4.1_react-dom@19.2.3_react@19.2.3__react@19.2.3/node_modules/storybook/dist/bin/core.js:2734:3)

More info: 
[39m
    at loadPreset (file:///home/reidlai/GitLocal/ta-workspace/node_modules/.pnpm/storybook@10.1.11_@testing-library+dom@10.4.1_react-dom@19.2.3_react@19.2.3__react@19.2.3/node_modules/storybook/dist/_node-chunks/chunk-Q4DOC7HF.js:10101:13)
    at async Promise.all (index 1)
    at async loadPresets (file:///home/reidlai/GitLocal/ta-workspace/node_modules/.pnpm/storybook@10.1.11_@testing-library+dom@10.4.1_react-dom@19.2.3_react@19.2.3__react@19.2.3/node_modules/storybook/dist/_node-chunks/chunk-Q4DOC7HF.js:10110:73)
    at async getPresets (file:///home/reidlai/GitLocal/ta-workspace/node_modules/.pnpm/storybook@10.1.11_@testing-library+dom@10.4.1_react-dom@19.2.3_react@19.2.3__react@19.2.3/node_modules/storybook/dist/_node-chunks/chunk-Q4DOC7HF.js:10141:23)
    at async buildDevStandalone (file:///home/reidlai/GitLocal/ta-workspace/node_modules/.pnpm/storybook@10.1.11_@testing-library+dom@10.4.1_react-dom@19.2.3_react@19.2.3__react@19.2.3/node_modules/storybook/dist/core-server/index.js:7163:17)
    at async withTelemetry (file:///home/reidlai/GitLocal/ta-workspace/node_modules/.pnpm/storybook@10.1.11_@testing-library+dom@10.4.1_react-dom@19.2.3_react@19.2.3__react@19.2.3/node_modules/storybook/dist/_node-chunks/chunk-2372JZ52.js:209:12)
    at async dev (file:///home/reidlai/GitLocal/ta-workspace/node_modules/.pnpm/storybook@10.1.11_@testing-library+dom@10.4.1_react-dom@19.2.3_react@19.2.3__react@19.2.3/node_modules/storybook/dist/bin/core.js:2734:3)
    at async _Command.<anonymous> (file:///home/reidlai/GitLocal/ta-workspace/node_modules/.pnpm/storybook@10.1.11_@testing-library+dom@10.4.1_react-dom@19.2.3_react@19.2.3__react@19.2.3/node_modules/storybook/dist/bin/core.js:2801:92)
[17:37:41.383] [WARN] Broken build, fix the error above.
You may need to refresh the browser.
[17:37:41.526] [WARN]   Failed to load preset: {"type":"presets","name":"/home/reidlai/GitLocal/ta-workspace/node_modules/.pnpm/@storybook+blocks@8.6.14_react-dom@19.2.3_react@19.2.3__react@19.2.3_storybook@10.1.11__862273682b7c49fc53a9e7bc3bc23d49/node_modules/@storybook/blocks/dist/index.mjs"} on level 1
[17:37:41.527] [ERROR] Error [ERR_PACKAGE_PATH_NOT_EXPORTED]: Package subpath './internal/theming' is not defined by "exports" in /home/reidlai/GitLocal/ta-workspace/node_modules/.pnpm/@storybook+blocks@8.6.14_react-dom@19.2.3_react@19.2.3__react@19.2.3_storybook@10.1.11__862273682b7c49fc53a9e7bc3bc23d49/node_modules/storybook/package.json imported from /home/reidlai/GitLocal/ta-workspace/node_modules/.pnpm/@storybook+blocks@8.6.14_react-dom@19.2.3_react@19.2.3__react@19.2.3_storybook@10.1.11__862273682b7c49fc53a9e7bc3bc23d49/node_modules/@storybook/blocks/dist/index.mjs
    at exportsNotFound (node:internal/modules/esm/resolve:322:10)
    at packageExportsResolve (node:internal/modules/esm/resolve:670:9)
    at packageResolve (node:internal/modules/esm/resolve:856:14)
    at moduleResolve (node:internal/modules/esm/resolve:946:18)
    at defaultResolve (node:internal/modules/esm/resolve:1188:11)
    at nextResolve (node:internal/modules/esm/hooks:864:28)
    at Hooks.resolve (node:internal/modules/esm/hooks:306:30)
    at handleMessage (node:internal/modules/esm/worker:196:24)
    at Immediate.checkForMessages (node:internal/modules/esm/worker:138:28)
    at process.processImmediate (node:internal/timers:483:21)
[17:38:00.983] [PROMPT] Would you like to send anonymous crash reports to improve Storybook and fix bugs faster? {"choice":false}
[17:38:00.985] [INFO] Storybook collects completely anonymous usage telemetry. We use it to shape Storybook's roadmap and prioritize features. You can learn more, including how to opt out, at https://storybook.js.org/telemetry